
================================================================================

PROGRAM INFORMATION

   code:                Truchas 21.02.1-4-gdb43ab6e
   build architecture:  x86_64
   build date/time:     2021-02-16 12:24:00
   build flags:
   build host:          server_name on which the code was built
   run architecture:    Linux 
   run host:            server name on which the code is run
   run date/time:       16 Feb 21 13:41:06
   processors:          20 (processor 1 is performing I/O)

================================================================================

COPYRIGHT

   Copyright 2007-2020.  Triad National Security, LLC.  All rights reserved.

   This program was produced under U.S. Government contract 89233218CNA000001
   for Los Alamos National Laboratory (LANL), which is operated by Triad
   National Security, LLC for the U.S. Department of Energy/National Nuclear
   Security Administration.

   Truchas is open source software distributed under the 3-Clause BSD License.

================================================================================

INPUT

Opening input file 1_input_file_heat_transfer.inp ...

Reading FUNCTION namelists ...

Reading VFUNCTION namelists ...

Reading TOOLPATH namelists ...

Reading PHYSICS namelist ...

Reading MATERIAL namelists ...

Reading PHASE namelists ...

Reading PHASE_CHANGE namelists ...

 Reading OUTPUTS Namelist ...

Reading MESH namelist ...

 Reading BODY Namelist # 1 ...

Reading BODY namelists ...

Reading NUMERICS namelist ...

 Reading BC Namelists ...
BC namelists not found; using defaults.

Reading DIFFUSION_SOLVER namelist ...
  using default STEPPING_METHOD value: "Adaptive BDF2"
  using default MAX_STEP_TRIES value: 10
  using default MAX_NLK_VEC value: MAX_NLK_ITR - 1
  using default NLK_VEC_TOL value: 1.00E-03
  WARNING: using a pure relative error norm; temp must be bounded away from 0
  WARNING: using a pure relative error norm; enthalpy must be bounded away from 0

Reading THERMAL_BC namelists ...

Reading THERMAL_SOURCE namelists ...

Reading SPECIES_BC namelists ...

Reading DS_SOURCE namelists ...
  No DS_SOURCE namelists found.

Reading ENCLOSURE_RADIATION namelists ...

Reading ENCLOSURE_SURFACE namelists ...

Reading PROBE namelists ...
  no PROBE namelists found

Input file 1_input_file_heat_transfer.inp closed.

================================================================================

INITIALIZATION


Initializing mesh "MAIN" ...
  reading ExodusII mesh file "./1_mesh_heat_transfer.exo"
  finding cell neighbors
  partitioning the mesh cells
  partitioning the mesh nodes
  numbering the mesh faces
  partitioning the mesh faces
  identifying off-process ghost cells
  generating parallel mesh structure
  UNSTR_MESH Profile:
     PE|    nnode    nface    ncell
    ---+---------------------------
      1|     9151    24678     7797
      2|     9927    26826     8484
      3|     8748    23556     7436
      4|     8748    23592     7454
      5|     9362    25372     8037
      6|     9127    24756     7846
      7|     8602    23293     7376
      8|     9877    26565     8379
      9|     8667    23425     7410
     10|     9262    25088     7945
     11|     9401    25291     7981
     12|     9692    26291     8332
     13|     8810    23677     7466
     14|     9274    25118     7954
     15|     8750    23623     7468
     16|     9240    25057     7940
     17|     8696    23465     7416
     18|     9694    26155     8264
     19|     9358    25301     8005
     20|     8720    23527     7435
  Mesh Communication Profile:
              Nodes           Faces           Cells
     PE|  off-PE   on-PE  off-PE   on-PE  off-PE   on-PE
    ---+------------------------------------------------
      1|   1721     7430   4811    19867   1547     6250
      2|   3097     6830   7507    19319   2234     6250
      3|   1988     6760   4306    19250   1186     6250
      4|   1724     7024   4086    19506   1204     6250
      5|   2918     6444   6428    18944   1787     6250
      6|   1766     7361   4954    19802   1596     6250
      7|   1713     6889   3918    19375   1126     6250
      8|   3987     5890   8126    18439   2129     6250
      9|   1647     7020   3925    19500   1160     6250
     10|   3284     5978   6590    18498   1695     6250
     11|   1930     7471   5388    19903   1731     6250
     12|   3446     6246   7507    18784   2082     6250
     13|   2305     6505   4672    19005   1216     6250
     14|   2751     6523   6092    19026   1704     6250
     15|   2290     6460   4662    18961   1218     6250
     16|   2661     6579   5978    19079   1690     6250
     17|   2091     6605   4361    19104   1166     6250
     18|   3501     6193   7458    18697   2014     6250
     19|   3141     6217   6586    18715   1755     6250
     20|   2494     6226   4801    18726   1185     6250
  Mesh "MAIN" initialized

Allocating base derived types A ...done.

Computing initial volume fractions ...
  Initial volume fractions computed.
 Initializing Displacement Boundary Conditions

 Locating cell faces for which BCs are to be applied ...
 Initializing Pressure Boundary Conditions
   DIRICHLET: 0 boundary points
   REFLECTIVE: 15000 boundary points
   EXTERIOR: 15000 boundary points
   NEUMANN: 0 boundary points
   HNEUMANN: 15000 boundary points
 Pressure BCs initialized.

 Finished BC initialization.

Initializing diffusion solver ...
  Generating external source for "temperature" equation
Generating "scalar_cell_func1" thermal source
  none specified
Generating "interface-htc" thermal interface condition
  none specified
Generating "gap-radiation" thermal interface condition
  none specified
Generating "flux" thermal boundary condition
  using THERMAL_BC[Y-positive]
  using THERMAL_BC[Y-negative]
  using THERMAL_BC[Z-positive]
  using THERMAL_BC[Z-negative]
Generating "htc" thermal boundary condition
  using THERMAL_BC[X-positive]
Generating "radiation" thermal boundary condition
  none specified
Generating "temperature" thermal boundary condition
  using THERMAL_BC[X-negative]
  Diffusion solver initialized.

Computing consistent initial state for HT/SD solver ...
  Computing consistent face temperatures and radiosities ...
    ||Rface(3)||= 2.36E-03, ||Rface(0)||= 2.00E+02, ||ΔTface||_max= 1.21E-03

Computing consistent initial state derivative for HT/SD solver ...
  Computing consistent face temperatures and radiosities ...
    ||Rface(1)||= 6.03E-02, ||Rface(0)||= 1.12E+00, ||ΔTface||_max= 1.68E-03
Initializing solution probes ...

================================================================================

EXECUTION


          1: t =   0.00000E+00, dt(initial) =   1.00000E-02

DS: dt=1.000E-02, NFUN:NPC=0000002:00001, NNR:NNF:NSR=0000:0000:0000

          2: t =   1.00000E-02, dt(diffusion solver) =   1.00000E-02

DS: dt=1.000E-02, NFUN:NPC=0000004:00001, NNR:NNF:NSR=0000:0000:0000

          3: t =   2.00000E-02, dt(diffusion solver) =   1.00000E-02

DS: dt=1.000E-02, NFUN:NPC=0000005:00001, NNR:NNF:NSR=0000:0000:0000

          4: t =   3.00000E-02, dt(diffusion solver) =   1.00000E-02

DS: dt=1.000E-02, NFUN:NPC=0000006:00001, NNR:NNF:NSR=0000:0000:0000

          5: t =   4.00000E-02, dt(diffusion solver) =   4.00000E-02

DS: dt=4.000E-02, NFUN:NPC=0000007:00002, NNR:NNF:NSR=0000:0000:0000

          6: t =   8.00000E-02, dt(diffusion solver) =   1.60000E-01

DS: dt=1.600E-01, NFUN:NPC=0000008:00002, NNR:NNF:NSR=0000:0000:0000

          7: t =   2.40000E-01, dt(diffusion solver) =   6.40000E-01

DS: dt=6.400E-01, NFUN:NPC=0000010:00003, NNR:NNF:NSR=0000:0000:0000

          8: t =   8.80000E-01, dt(diffusion solver) =   2.56000E+00

DS: dt=2.560E+00, NFUN:NPC=0000013:00003, NNR:NNF:NSR=0000:0000:0000

          9: t =   3.44000E+00, dt(diffusion solver) =   4.94679E+00

DS: dt=4.947E+00, NFUN:NPC=0000015:00004, NNR:NNF:NSR=0000:0000:0000

         10: t =   8.38679E+00, dt(diffusion solver) =   4.88186E+00

DS: dt=4.882E+00, NFUN:NPC=0000017:00004, NNR:NNF:NSR=0000:0000:0000

         11: t =   1.32686E+01, dt(diffusion solver) =   6.84863E+00

DS: dt=6.849E+00, NFUN:NPC=0000020:00004, NNR:NNF:NSR=0000:0000:0000

         12: t =   2.01173E+01, dt(diffusion solver) =   8.22202E+00

DS: dt=8.222E+00, NFUN:NPC=0000023:00004, NNR:NNF:NSR=0000:0000:0000

         13: t =   2.83393E+01, dt(diffusion solver) =   1.18587E+01

DS: dt=1.186E+01, NFUN:NPC=0000026:00004, NNR:NNF:NSR=0000:0000:0000

         14: t =   4.01980E+01, dt(diffusion solver) =   1.62017E+01

DS: dt=1.620E+01, NFUN:NPC=0000029:00004, NNR:NNF:NSR=0000:0000:0000

         15: t =   5.63996E+01, dt(diffusion solver) =   2.26321E+01

DS: dt=2.263E+01, NFUN:NPC=0000031:00005, NNR:NNF:NSR=0000:0000:0000

         16: t =   7.90318E+01, dt(diffusion solver) =   2.95857E+01

DS: dt=2.959E+01, NFUN:NPC=0000034:00005, NNR:NNF:NSR=0000:0000:0000

         17: t =   1.08617E+02, dt(diffusion solver) =   3.84998E+01

DS: dt=3.850E+01, NFUN:NPC=0000037:00005, NNR:NNF:NSR=0000:0000:0000

         18: t =   1.47117E+02, dt(diffusion solver) =   4.99198E+01

DS: dt=4.992E+01, NFUN:NPC=0000040:00005, NNR:NNF:NSR=0000:0000:0000

         19: t =   1.97037E+02, dt(maximum) =   6.00000E+01

DS: dt=6.000E+01, NFUN:NPC=0000043:00005, NNR:NNF:NSR=0000:0000:0000

         20: t =   2.57037E+02, dt(maximum) =   6.00000E+01

DS: dt=6.000E+01, NFUN:NPC=0000046:00005, NNR:NNF:NSR=0000:0000:0000

         21: t =   3.17037E+02, dt(maximum) =   6.00000E+01

DS: dt=6.000E+01, NFUN:NPC=0000049:00005, NNR:NNF:NSR=0000:0000:0000

         22: t =   3.77037E+02, dt(maximum) =   6.00000E+01

DS: dt=6.000E+01, NFUN:NPC=0000052:00005, NNR:NNF:NSR=0000:0000:0000

         23: t =   4.37037E+02, dt(maximum) =   6.00000E+01

DS: dt=6.000E+01, NFUN:NPC=0000055:00005, NNR:NNF:NSR=0000:0000:0000

         24: t =   4.97037E+02, dt(maximum) =   6.00000E+01

DS: dt=6.000E+01, NFUN:NPC=0000057:00005, NNR:NNF:NSR=0000:0000:0000

         25: t =   5.57037E+02, dt(maximum) =   6.00000E+01

DS: dt=6.000E+01, NFUN:NPC=0000059:00005, NNR:NNF:NSR=0000:0000:0000

         26: t =   6.17037E+02, dt(maximum) =   6.00000E+01

DS: dt=6.000E+01, NFUN:NPC=0000061:00005, NNR:NNF:NSR=0000:0000:0000

         27: t =   6.77037E+02, dt(maximum) =   6.00000E+01

DS: dt=6.000E+01, NFUN:NPC=0000063:00005, NNR:NNF:NSR=0000:0000:0000

         28: t =   7.37037E+02, dt(time) =   5.73836E+01

DS: dt=5.738E+01, NFUN:NPC=0000065:00005, NNR:NNF:NSR=0000:0000:0000

         29: t =   7.94421E+02, dt(time) =   5.48813E+01

DS: dt=5.488E+01, NFUN:NPC=0000067:00005, NNR:NNF:NSR=0000:0000:0000

         30: t =   8.49302E+02, dt(time) =   5.24882E+01

DS: dt=5.249E+01, NFUN:NPC=0000069:00005, NNR:NNF:NSR=0000:0000:0000

         31: t =   9.01790E+02, dt(time) =   5.01994E+01

DS: dt=5.020E+01, NFUN:NPC=0000071:00005, NNR:NNF:NSR=0000:0000:0000

         32: t =   9.51990E+02, dt(time) =   4.80104E+01

DS: dt=4.801E+01, NFUN:NPC=0000073:00005, NNR:NNF:NSR=0000:0000:0000

         33: t =   1.00000E+03, dt(maximum) =   6.00000E+01

DS: dt=6.000E+01, NFUN:NPC=0000075:00005, NNR:NNF:NSR=0000:0000:0000

         34: t =   1.06000E+03, dt(maximum) =   6.00000E+01

DS: dt=6.000E+01, NFUN:NPC=0000077:00005, NNR:NNF:NSR=0000:0000:0000

         35: t =   1.12000E+03, dt(maximum) =   6.00000E+01

DS: dt=6.000E+01, NFUN:NPC=0000079:00005, NNR:NNF:NSR=0000:0000:0000

         36: t =   1.18000E+03, dt(maximum) =   6.00000E+01

DS: dt=6.000E+01, NFUN:NPC=0000081:00005, NNR:NNF:NSR=0000:0000:0000

         37: t =   1.24000E+03, dt(maximum) =   6.00000E+01

DS: dt=6.000E+01, NFUN:NPC=0000083:00005, NNR:NNF:NSR=0000:0000:0000

         38: t =   1.30000E+03, dt(maximum) =   6.00000E+01

DS: dt=6.000E+01, NFUN:NPC=0000085:00005, NNR:NNF:NSR=0000:0000:0000

         39: t =   1.36000E+03, dt(maximum) =   6.00000E+01

DS: dt=6.000E+01, NFUN:NPC=0000087:00005, NNR:NNF:NSR=0000:0000:0000

         40: t =   1.42000E+03, dt(maximum) =   6.00000E+01

DS: dt=6.000E+01, NFUN:NPC=0000089:00005, NNR:NNF:NSR=0000:0000:0000

         41: t =   1.48000E+03, dt(maximum) =   6.00000E+01

DS: dt=6.000E+01, NFUN:NPC=0000091:00005, NNR:NNF:NSR=0000:0000:0000

         42: t =   1.54000E+03, dt(maximum) =   6.00000E+01

DS: dt=6.000E+01, NFUN:NPC=0000093:00005, NNR:NNF:NSR=0000:0000:0000

         43: t =   1.60000E+03, dt(maximum) =   6.00000E+01

DS: dt=6.000E+01, NFUN:NPC=0000095:00005, NNR:NNF:NSR=0000:0000:0000

         44: t =   1.66000E+03, dt(maximum) =   6.00000E+01

DS: dt=6.000E+01, NFUN:NPC=0000097:00005, NNR:NNF:NSR=0000:0000:0000

         45: t =   1.72000E+03, dt(time) =   5.86254E+01

DS: dt=5.863E+01, NFUN:NPC=0000099:00005, NNR:NNF:NSR=0000:0000:0000

         46: t =   1.77863E+03, dt(time) =   5.72823E+01

DS: dt=5.728E+01, NFUN:NPC=0000101:00005, NNR:NNF:NSR=0000:0000:0000

         47: t =   1.83591E+03, dt(time) =   5.59699E+01

DS: dt=5.597E+01, NFUN:NPC=0000103:00005, NNR:NNF:NSR=0000:0000:0000

         48: t =   1.89188E+03, dt(time) =   5.46877E+01

DS: dt=5.469E+01, NFUN:NPC=0000105:00005, NNR:NNF:NSR=0000:0000:0000

         49: t =   1.94657E+03, dt(time) =   5.34348E+01

DS: dt=5.343E+01, NFUN:NPC=0000107:00005, NNR:NNF:NSR=0000:0000:0000

         50: t =   2.00000E+03, dt(maximum) =   6.00000E+01

DS: dt=6.000E+01, NFUN:NPC=0000109:00005, NNR:NNF:NSR=0000:0000:0000

         51: t =   2.06000E+03, dt(maximum) =   6.00000E+01

DS: dt=6.000E+01, NFUN:NPC=0000111:00005, NNR:NNF:NSR=0000:0000:0000

         52: t =   2.12000E+03, dt(maximum) =   6.00000E+01

DS: dt=6.000E+01, NFUN:NPC=0000113:00005, NNR:NNF:NSR=0000:0000:0000

         53: t =   2.18000E+03, dt(maximum) =   6.00000E+01

DS: dt=6.000E+01, NFUN:NPC=0000115:00005, NNR:NNF:NSR=0000:0000:0000

         54: t =   2.24000E+03, dt(maximum) =   6.00000E+01

DS: dt=6.000E+01, NFUN:NPC=0000117:00005, NNR:NNF:NSR=0000:0000:0000

         55: t =   2.30000E+03, dt(maximum) =   6.00000E+01

DS: dt=6.000E+01, NFUN:NPC=0000119:00005, NNR:NNF:NSR=0000:0000:0000

         56: t =   2.36000E+03, dt(maximum) =   6.00000E+01

DS: dt=6.000E+01, NFUN:NPC=0000121:00005, NNR:NNF:NSR=0000:0000:0000

         57: t =   2.42000E+03, dt(maximum) =   6.00000E+01

DS: dt=6.000E+01, NFUN:NPC=0000123:00005, NNR:NNF:NSR=0000:0000:0000

         58: t =   2.48000E+03, dt(maximum) =   6.00000E+01

DS: dt=6.000E+01, NFUN:NPC=0000125:00005, NNR:NNF:NSR=0000:0000:0000

         59: t =   2.54000E+03, dt(maximum) =   6.00000E+01

DS: dt=6.000E+01, NFUN:NPC=0000127:00005, NNR:NNF:NSR=0000:0000:0000

         60: t =   2.60000E+03, dt(maximum) =   6.00000E+01

DS: dt=6.000E+01, NFUN:NPC=0000129:00005, NNR:NNF:NSR=0000:0000:0000

         61: t =   2.66000E+03, dt(maximum) =   6.00000E+01

DS: dt=6.000E+01, NFUN:NPC=0000131:00005, NNR:NNF:NSR=0000:0000:0000

         62: t =   2.72000E+03, dt(time) =   5.86254E+01

DS: dt=5.863E+01, NFUN:NPC=0000132:00005, NNR:NNF:NSR=0000:0000:0000

         63: t =   2.77863E+03, dt(time) =   5.72823E+01

DS: dt=5.728E+01, NFUN:NPC=0000133:00005, NNR:NNF:NSR=0000:0000:0000

         64: t =   2.83591E+03, dt(time) =   5.59699E+01

DS: dt=5.597E+01, NFUN:NPC=0000135:00005, NNR:NNF:NSR=0000:0000:0000

         65: t =   2.89188E+03, dt(time) =   5.46877E+01

DS: dt=5.469E+01, NFUN:NPC=0000136:00005, NNR:NNF:NSR=0000:0000:0000

         66: t =   2.94657E+03, dt(time) =   5.34348E+01

DS: dt=5.343E+01, NFUN:NPC=0000137:00005, NNR:NNF:NSR=0000:0000:0000

         67: t =   3.00000E+03, dt(maximum) =   6.00000E+01

DS: dt=6.000E+01, NFUN:NPC=0000138:00005, NNR:NNF:NSR=0000:0000:0000

         68: t =   3.06000E+03, dt(maximum) =   6.00000E+01

DS: dt=6.000E+01, NFUN:NPC=0000139:00005, NNR:NNF:NSR=0000:0000:0000

         69: t =   3.12000E+03, dt(maximum) =   6.00000E+01

DS: dt=6.000E+01, NFUN:NPC=0000141:00005, NNR:NNF:NSR=0000:0000:0000

         70: t =   3.18000E+03, dt(maximum) =   6.00000E+01

DS: dt=6.000E+01, NFUN:NPC=0000142:00005, NNR:NNF:NSR=0000:0000:0000

         71: t =   3.24000E+03, dt(maximum) =   6.00000E+01

DS: dt=6.000E+01, NFUN:NPC=0000143:00005, NNR:NNF:NSR=0000:0000:0000

         72: t =   3.30000E+03, dt(maximum) =   6.00000E+01

DS: dt=6.000E+01, NFUN:NPC=0000144:00005, NNR:NNF:NSR=0000:0000:0000

         73: t =   3.36000E+03, dt(maximum) =   6.00000E+01

DS: dt=6.000E+01, NFUN:NPC=0000145:00005, NNR:NNF:NSR=0000:0000:0000

         74: t =   3.42000E+03, dt(maximum) =   6.00000E+01

DS: dt=6.000E+01, NFUN:NPC=0000146:00005, NNR:NNF:NSR=0000:0000:0000

         75: t =   3.48000E+03, dt(maximum) =   6.00000E+01

DS: dt=6.000E+01, NFUN:NPC=0000147:00005, NNR:NNF:NSR=0000:0000:0000

         76: t =   3.54000E+03, dt(maximum) =   6.00000E+01

DS: dt=6.000E+01, NFUN:NPC=0000148:00005, NNR:NNF:NSR=0000:0000:0000

         77: t =   3.60000E+03, dt(maximum) =   6.00000E+01

DS: dt=6.000E+01, NFUN:NPC=0000149:00005, NNR:NNF:NSR=0000:0000:0000

         78: t =   3.66000E+03, dt(maximum) =   6.00000E+01

DS: dt=6.000E+01, NFUN:NPC=0000150:00005, NNR:NNF:NSR=0000:0000:0000

         79: t =   3.72000E+03, dt(time) =   5.86254E+01

DS: dt=5.863E+01, NFUN:NPC=0000151:00005, NNR:NNF:NSR=0000:0000:0000

         80: t =   3.77863E+03, dt(time) =   5.72823E+01

DS: dt=5.728E+01, NFUN:NPC=0000152:00005, NNR:NNF:NSR=0000:0000:0000

         81: t =   3.83591E+03, dt(time) =   5.59699E+01

DS: dt=5.597E+01, NFUN:NPC=0000153:00005, NNR:NNF:NSR=0000:0000:0000

         82: t =   3.89188E+03, dt(time) =   5.46877E+01

DS: dt=5.469E+01, NFUN:NPC=0000154:00005, NNR:NNF:NSR=0000:0000:0000

         83: t =   3.94657E+03, dt(time) =   5.34348E+01

DS: dt=5.343E+01, NFUN:NPC=0000155:00005, NNR:NNF:NSR=0000:0000:0000

         84: t =   4.00000E+03, dt(maximum) =   6.00000E+01

DS: dt=6.000E+01, NFUN:NPC=0000156:00005, NNR:NNF:NSR=0000:0000:0000

         85: t =   4.06000E+03, dt(maximum) =   6.00000E+01

DS: dt=6.000E+01, NFUN:NPC=0000157:00005, NNR:NNF:NSR=0000:0000:0000

         86: t =   4.12000E+03, dt(maximum) =   6.00000E+01

DS: dt=6.000E+01, NFUN:NPC=0000158:00005, NNR:NNF:NSR=0000:0000:0000

         87: t =   4.18000E+03, dt(maximum) =   6.00000E+01

DS: dt=6.000E+01, NFUN:NPC=0000159:00005, NNR:NNF:NSR=0000:0000:0000

         88: t =   4.24000E+03, dt(maximum) =   6.00000E+01

DS: dt=6.000E+01, NFUN:NPC=0000160:00005, NNR:NNF:NSR=0000:0000:0000

         89: t =   4.30000E+03, dt(maximum) =   6.00000E+01

DS: dt=6.000E+01, NFUN:NPC=0000161:00005, NNR:NNF:NSR=0000:0000:0000

         90: t =   4.36000E+03, dt(maximum) =   6.00000E+01

DS: dt=6.000E+01, NFUN:NPC=0000162:00005, NNR:NNF:NSR=0000:0000:0000

         91: t =   4.42000E+03, dt(maximum) =   6.00000E+01

DS: dt=6.000E+01, NFUN:NPC=0000163:00005, NNR:NNF:NSR=0000:0000:0000

         92: t =   4.48000E+03, dt(maximum) =   6.00000E+01

DS: dt=6.000E+01, NFUN:NPC=0000164:00005, NNR:NNF:NSR=0000:0000:0000

         93: t =   4.54000E+03, dt(maximum) =   6.00000E+01

DS: dt=6.000E+01, NFUN:NPC=0000165:00005, NNR:NNF:NSR=0000:0000:0000

         94: t =   4.60000E+03, dt(maximum) =   6.00000E+01

DS: dt=6.000E+01, NFUN:NPC=0000166:00005, NNR:NNF:NSR=0000:0000:0000

         95: t =   4.66000E+03, dt(maximum) =   6.00000E+01

DS: dt=6.000E+01, NFUN:NPC=0000167:00005, NNR:NNF:NSR=0000:0000:0000

         96: t =   4.72000E+03, dt(time) =   5.86254E+01

DS: dt=5.863E+01, NFUN:NPC=0000168:00005, NNR:NNF:NSR=0000:0000:0000

         97: t =   4.77863E+03, dt(time) =   5.72823E+01

DS: dt=5.728E+01, NFUN:NPC=0000169:00005, NNR:NNF:NSR=0000:0000:0000

         98: t =   4.83591E+03, dt(time) =   5.59699E+01

DS: dt=5.597E+01, NFUN:NPC=0000170:00005, NNR:NNF:NSR=0000:0000:0000

         99: t =   4.89188E+03, dt(time) =   5.46877E+01

DS: dt=5.469E+01, NFUN:NPC=0000171:00005, NNR:NNF:NSR=0000:0000:0000

        100: t =   4.94657E+03, dt(time) =   5.34348E+01

DS: dt=5.343E+01, NFUN:NPC=0000172:00005, NNR:NNF:NSR=0000:0000:0000

        101: t =   5.00000E+03, dt(maximum) =   6.00000E+01

DS: dt=6.000E+01, NFUN:NPC=0000173:00005, NNR:NNF:NSR=0000:0000:0000

        102: t =   5.06000E+03, dt(maximum) =   6.00000E+01

DS: dt=6.000E+01, NFUN:NPC=0000174:00005, NNR:NNF:NSR=0000:0000:0000

        103: t =   5.12000E+03, dt(maximum) =   6.00000E+01

DS: dt=6.000E+01, NFUN:NPC=0000175:00005, NNR:NNF:NSR=0000:0000:0000

        104: t =   5.18000E+03, dt(maximum) =   6.00000E+01

DS: dt=6.000E+01, NFUN:NPC=0000176:00005, NNR:NNF:NSR=0000:0000:0000

        105: t =   5.24000E+03, dt(maximum) =   6.00000E+01

DS: dt=6.000E+01, NFUN:NPC=0000177:00005, NNR:NNF:NSR=0000:0000:0000

        106: t =   5.30000E+03, dt(maximum) =   6.00000E+01

DS: dt=6.000E+01, NFUN:NPC=0000178:00005, NNR:NNF:NSR=0000:0000:0000

        107: t =   5.36000E+03, dt(maximum) =   6.00000E+01

DS: dt=6.000E+01, NFUN:NPC=0000179:00005, NNR:NNF:NSR=0000:0000:0000

        108: t =   5.42000E+03, dt(maximum) =   6.00000E+01

DS: dt=6.000E+01, NFUN:NPC=0000180:00005, NNR:NNF:NSR=0000:0000:0000

        109: t =   5.48000E+03, dt(maximum) =   6.00000E+01

DS: dt=6.000E+01, NFUN:NPC=0000181:00005, NNR:NNF:NSR=0000:0000:0000

        110: t =   5.54000E+03, dt(maximum) =   6.00000E+01

DS: dt=6.000E+01, NFUN:NPC=0000182:00005, NNR:NNF:NSR=0000:0000:0000

        111: t =   5.60000E+03, dt(maximum) =   6.00000E+01

DS: dt=6.000E+01, NFUN:NPC=0000183:00005, NNR:NNF:NSR=0000:0000:0000

        112: t =   5.66000E+03, dt(maximum) =   6.00000E+01

DS: dt=6.000E+01, NFUN:NPC=0000184:00005, NNR:NNF:NSR=0000:0000:0000

        113: t =   5.72000E+03, dt(time) =   5.86254E+01

DS: dt=5.863E+01, NFUN:NPC=0000185:00005, NNR:NNF:NSR=0000:0000:0000

        114: t =   5.77863E+03, dt(time) =   5.72823E+01

DS: dt=5.728E+01, NFUN:NPC=0000186:00005, NNR:NNF:NSR=0000:0000:0000

        115: t =   5.83591E+03, dt(time) =   5.59699E+01

DS: dt=5.597E+01, NFUN:NPC=0000187:00005, NNR:NNF:NSR=0000:0000:0000

        116: t =   5.89188E+03, dt(time) =   5.46877E+01

DS: dt=5.469E+01, NFUN:NPC=0000188:00005, NNR:NNF:NSR=0000:0000:0000

        117: t =   5.94657E+03, dt(time) =   5.34348E+01

DS: dt=5.343E+01, NFUN:NPC=0000189:00005, NNR:NNF:NSR=0000:0000:0000

        118: t =   6.00000E+03, dt(maximum) =   6.00000E+01

DS: dt=6.000E+01, NFUN:NPC=0000190:00005, NNR:NNF:NSR=0000:0000:0000

        119: t =   6.06000E+03, dt(maximum) =   6.00000E+01

DS: dt=6.000E+01, NFUN:NPC=0000191:00005, NNR:NNF:NSR=0000:0000:0000

        120: t =   6.12000E+03, dt(maximum) =   6.00000E+01

DS: dt=6.000E+01, NFUN:NPC=0000192:00005, NNR:NNF:NSR=0000:0000:0000

        121: t =   6.18000E+03, dt(maximum) =   6.00000E+01

DS: dt=6.000E+01, NFUN:NPC=0000193:00005, NNR:NNF:NSR=0000:0000:0000

        122: t =   6.24000E+03, dt(maximum) =   6.00000E+01

DS: dt=6.000E+01, NFUN:NPC=0000194:00005, NNR:NNF:NSR=0000:0000:0000

        123: t =   6.30000E+03, dt(maximum) =   6.00000E+01

DS: dt=6.000E+01, NFUN:NPC=0000195:00005, NNR:NNF:NSR=0000:0000:0000

        124: t =   6.36000E+03, dt(maximum) =   6.00000E+01

DS: dt=6.000E+01, NFUN:NPC=0000196:00005, NNR:NNF:NSR=0000:0000:0000

        125: t =   6.42000E+03, dt(maximum) =   6.00000E+01

DS: dt=6.000E+01, NFUN:NPC=0000197:00005, NNR:NNF:NSR=0000:0000:0000

        126: t =   6.48000E+03, dt(maximum) =   6.00000E+01

DS: dt=6.000E+01, NFUN:NPC=0000198:00005, NNR:NNF:NSR=0000:0000:0000

        127: t =   6.54000E+03, dt(maximum) =   6.00000E+01

DS: dt=6.000E+01, NFUN:NPC=0000199:00005, NNR:NNF:NSR=0000:0000:0000

        128: t =   6.60000E+03, dt(maximum) =   6.00000E+01

DS: dt=6.000E+01, NFUN:NPC=0000200:00005, NNR:NNF:NSR=0000:0000:0000

        129: t =   6.66000E+03, dt(maximum) =   6.00000E+01

DS: dt=6.000E+01, NFUN:NPC=0000201:00005, NNR:NNF:NSR=0000:0000:0000

        130: t =   6.72000E+03, dt(time) =   5.86254E+01

DS: dt=5.863E+01, NFUN:NPC=0000202:00005, NNR:NNF:NSR=0000:0000:0000

        131: t =   6.77863E+03, dt(time) =   5.72823E+01

DS: dt=5.728E+01, NFUN:NPC=0000203:00005, NNR:NNF:NSR=0000:0000:0000

        132: t =   6.83591E+03, dt(time) =   5.59699E+01

DS: dt=5.597E+01, NFUN:NPC=0000204:00005, NNR:NNF:NSR=0000:0000:0000

        133: t =   6.89188E+03, dt(time) =   5.46877E+01

DS: dt=5.469E+01, NFUN:NPC=0000205:00005, NNR:NNF:NSR=0000:0000:0000

        134: t =   6.94657E+03, dt(time) =   5.34348E+01

DS: dt=5.343E+01, NFUN:NPC=0000206:00005, NNR:NNF:NSR=0000:0000:0000

        135: t =   7.00000E+03, dt(maximum) =   6.00000E+01

DS: dt=6.000E+01, NFUN:NPC=0000207:00005, NNR:NNF:NSR=0000:0000:0000

        136: t =   7.06000E+03, dt(maximum) =   6.00000E+01

DS: dt=6.000E+01, NFUN:NPC=0000208:00005, NNR:NNF:NSR=0000:0000:0000

        137: t =   7.12000E+03, dt(maximum) =   6.00000E+01

DS: dt=6.000E+01, NFUN:NPC=0000209:00005, NNR:NNF:NSR=0000:0000:0000

        138: t =   7.18000E+03, dt(maximum) =   6.00000E+01

DS: dt=6.000E+01, NFUN:NPC=0000210:00005, NNR:NNF:NSR=0000:0000:0000

        139: t =   7.24000E+03, dt(maximum) =   6.00000E+01

DS: dt=6.000E+01, NFUN:NPC=0000211:00005, NNR:NNF:NSR=0000:0000:0000

        140: t =   7.30000E+03, dt(maximum) =   6.00000E+01

DS: dt=6.000E+01, NFUN:NPC=0000212:00005, NNR:NNF:NSR=0000:0000:0000

        141: t =   7.36000E+03, dt(maximum) =   6.00000E+01

DS: dt=6.000E+01, NFUN:NPC=0000213:00005, NNR:NNF:NSR=0000:0000:0000

        142: t =   7.42000E+03, dt(maximum) =   6.00000E+01

DS: dt=6.000E+01, NFUN:NPC=0000214:00005, NNR:NNF:NSR=0000:0000:0000

        143: t =   7.48000E+03, dt(maximum) =   6.00000E+01

DS: dt=6.000E+01, NFUN:NPC=0000215:00005, NNR:NNF:NSR=0000:0000:0000

        144: t =   7.54000E+03, dt(maximum) =   6.00000E+01

DS: dt=6.000E+01, NFUN:NPC=0000216:00005, NNR:NNF:NSR=0000:0000:0000

        145: t =   7.60000E+03, dt(maximum) =   6.00000E+01

DS: dt=6.000E+01, NFUN:NPC=0000217:00005, NNR:NNF:NSR=0000:0000:0000

        146: t =   7.66000E+03, dt(maximum) =   6.00000E+01

DS: dt=6.000E+01, NFUN:NPC=0000218:00005, NNR:NNF:NSR=0000:0000:0000

        147: t =   7.72000E+03, dt(time) =   5.86254E+01

DS: dt=5.863E+01, NFUN:NPC=0000219:00005, NNR:NNF:NSR=0000:0000:0000

        148: t =   7.77863E+03, dt(time) =   5.72823E+01

DS: dt=5.728E+01, NFUN:NPC=0000220:00005, NNR:NNF:NSR=0000:0000:0000

        149: t =   7.83591E+03, dt(time) =   5.59699E+01

DS: dt=5.597E+01, NFUN:NPC=0000221:00005, NNR:NNF:NSR=0000:0000:0000

        150: t =   7.89188E+03, dt(time) =   5.46877E+01

DS: dt=5.469E+01, NFUN:NPC=0000222:00005, NNR:NNF:NSR=0000:0000:0000

        151: t =   7.94657E+03, dt(time) =   5.34348E+01

DS: dt=5.343E+01, NFUN:NPC=0000223:00005, NNR:NNF:NSR=0000:0000:0000

        152: t =   8.00000E+03, dt(maximum) =   6.00000E+01

DS: dt=6.000E+01, NFUN:NPC=0000224:00005, NNR:NNF:NSR=0000:0000:0000

        153: t =   8.06000E+03, dt(maximum) =   6.00000E+01

DS: dt=6.000E+01, NFUN:NPC=0000225:00005, NNR:NNF:NSR=0000:0000:0000

        154: t =   8.12000E+03, dt(maximum) =   6.00000E+01

DS: dt=6.000E+01, NFUN:NPC=0000226:00005, NNR:NNF:NSR=0000:0000:0000

        155: t =   8.18000E+03, dt(maximum) =   6.00000E+01

DS: dt=6.000E+01, NFUN:NPC=0000227:00005, NNR:NNF:NSR=0000:0000:0000

        156: t =   8.24000E+03, dt(maximum) =   6.00000E+01

DS: dt=6.000E+01, NFUN:NPC=0000228:00005, NNR:NNF:NSR=0000:0000:0000

        157: t =   8.30000E+03, dt(maximum) =   6.00000E+01

DS: dt=6.000E+01, NFUN:NPC=0000229:00005, NNR:NNF:NSR=0000:0000:0000

        158: t =   8.36000E+03, dt(maximum) =   6.00000E+01

DS: dt=6.000E+01, NFUN:NPC=0000230:00005, NNR:NNF:NSR=0000:0000:0000

        159: t =   8.42000E+03, dt(maximum) =   6.00000E+01

DS: dt=6.000E+01, NFUN:NPC=0000231:00005, NNR:NNF:NSR=0000:0000:0000

        160: t =   8.48000E+03, dt(maximum) =   6.00000E+01

DS: dt=6.000E+01, NFUN:NPC=0000232:00005, NNR:NNF:NSR=0000:0000:0000

        161: t =   8.54000E+03, dt(maximum) =   6.00000E+01

DS: dt=6.000E+01, NFUN:NPC=0000233:00005, NNR:NNF:NSR=0000:0000:0000

        162: t =   8.60000E+03, dt(maximum) =   6.00000E+01

DS: dt=6.000E+01, NFUN:NPC=0000234:00005, NNR:NNF:NSR=0000:0000:0000

        163: t =   8.66000E+03, dt(maximum) =   6.00000E+01

DS: dt=6.000E+01, NFUN:NPC=0000235:00005, NNR:NNF:NSR=0000:0000:0000

        164: t =   8.72000E+03, dt(time) =   5.86254E+01

DS: dt=5.863E+01, NFUN:NPC=0000236:00005, NNR:NNF:NSR=0000:0000:0000

        165: t =   8.77863E+03, dt(time) =   5.72823E+01

DS: dt=5.728E+01, NFUN:NPC=0000237:00005, NNR:NNF:NSR=0000:0000:0000

        166: t =   8.83591E+03, dt(time) =   5.59699E+01

DS: dt=5.597E+01, NFUN:NPC=0000238:00005, NNR:NNF:NSR=0000:0000:0000

        167: t =   8.89188E+03, dt(time) =   5.46877E+01

DS: dt=5.469E+01, NFUN:NPC=0000239:00005, NNR:NNF:NSR=0000:0000:0000

        168: t =   8.94657E+03, dt(time) =   5.34348E+01

DS: dt=5.343E+01, NFUN:NPC=0000240:00005, NNR:NNF:NSR=0000:0000:0000

        169: t =   9.00000E+03, dt(maximum) =   6.00000E+01

DS: dt=6.000E+01, NFUN:NPC=0000241:00005, NNR:NNF:NSR=0000:0000:0000

        170: t =   9.06000E+03, dt(maximum) =   6.00000E+01

DS: dt=6.000E+01, NFUN:NPC=0000242:00005, NNR:NNF:NSR=0000:0000:0000

        171: t =   9.12000E+03, dt(maximum) =   6.00000E+01

DS: dt=6.000E+01, NFUN:NPC=0000243:00005, NNR:NNF:NSR=0000:0000:0000

        172: t =   9.18000E+03, dt(maximum) =   6.00000E+01

DS: dt=6.000E+01, NFUN:NPC=0000244:00005, NNR:NNF:NSR=0000:0000:0000

        173: t =   9.24000E+03, dt(maximum) =   6.00000E+01

DS: dt=6.000E+01, NFUN:NPC=0000245:00005, NNR:NNF:NSR=0000:0000:0000

        174: t =   9.30000E+03, dt(maximum) =   6.00000E+01

DS: dt=6.000E+01, NFUN:NPC=0000246:00005, NNR:NNF:NSR=0000:0000:0000

        175: t =   9.36000E+03, dt(maximum) =   6.00000E+01

DS: dt=6.000E+01, NFUN:NPC=0000247:00005, NNR:NNF:NSR=0000:0000:0000

        176: t =   9.42000E+03, dt(maximum) =   6.00000E+01

DS: dt=6.000E+01, NFUN:NPC=0000248:00005, NNR:NNF:NSR=0000:0000:0000

        177: t =   9.48000E+03, dt(maximum) =   6.00000E+01

DS: dt=6.000E+01, NFUN:NPC=0000249:00005, NNR:NNF:NSR=0000:0000:0000

        178: t =   9.54000E+03, dt(maximum) =   6.00000E+01

DS: dt=6.000E+01, NFUN:NPC=0000250:00005, NNR:NNF:NSR=0000:0000:0000

        179: t =   9.60000E+03, dt(maximum) =   6.00000E+01

DS: dt=6.000E+01, NFUN:NPC=0000251:00005, NNR:NNF:NSR=0000:0000:0000

        180: t =   9.66000E+03, dt(maximum) =   6.00000E+01

DS: dt=6.000E+01, NFUN:NPC=0000252:00005, NNR:NNF:NSR=0000:0000:0000

        181: t =   9.72000E+03, dt(time) =   5.86254E+01

DS: dt=5.863E+01, NFUN:NPC=0000253:00005, NNR:NNF:NSR=0000:0000:0000

        182: t =   9.77863E+03, dt(time) =   5.72823E+01

DS: dt=5.728E+01, NFUN:NPC=0000254:00005, NNR:NNF:NSR=0000:0000:0000

        183: t =   9.83591E+03, dt(time) =   5.59699E+01

DS: dt=5.597E+01, NFUN:NPC=0000255:00005, NNR:NNF:NSR=0000:0000:0000

        184: t =   9.89188E+03, dt(time) =   5.46877E+01

DS: dt=5.469E+01, NFUN:NPC=0000256:00005, NNR:NNF:NSR=0000:0000:0000

        185: t =   9.94657E+03, dt(time) =   5.34348E+01

DS: dt=5.343E+01, NFUN:NPC=0000257:00005, NNR:NNF:NSR=0000:0000:0000

================================================================================

TERMINATION

                 Final Time:  1.0000E+04 after   185 steps


TIMING SUMMARY
--------------
  1.901E+01 --- Total
    7.520E-03 --- Input
    7.065E+00 --- Initialization
      6.653E+00 --- mesh-MAIN
        2.109E-01 --- ghost-cells
          1.861E-01 --- cell-ghosts
            7.770E-02 --- node-neighbors
            7.509E-02 --- ghost-cells
          3.000E-06 --- link-ghosts
          2.477E-02 --- assemble-ghosts
      3.700E-05 --- VOF Initialize
      1.429E-02 --- HTSD function
        1.226E-02 --- HT function
      1.813E-03 --- ssor-setup
      6.737E-03 --- ssor-solve
    1.192E+01 --- Main Cycle
      4.119E-02 --- Time Step
      1.145E+01 --- Diffusion Solver
        1.104E+00 --- HTSD precon compute
          2.798E-02 --- hypre-matrix-copy
          1.012E+00 --- boomer-setup
        6.137E-01 --- HTSD function
          5.836E-01 --- HT function
        9.351E+00 --- HTSD precon apply
          9.350E+00 --- HT precon apply
            8.942E+00 --- boomer-solve

         Smallest process virtual memory used: 3.84E+02 mB
          Largest process virtual memory used: 4.49E+02 mB
                    Total virtual memory used: 7.88E+03 mB
                                   words/cell: 8265

truchas terminated normally on 16 Feb 21 at 13:41:25
